[33mCMake Warning:
  Manually-specified variables were not used by the project:

    MUJOCO_ROOT_DIR

[0m
In file included from [01m[K/home/ali/Robotics_project/src/mujoco_ros2/src/nodes/mujoco_node.cpp:19[m[K:
[01m[K/home/ali/Robotics_project/src/mujoco_ros2/include/mujoco_ros2/mujoco_ros.hpp:24:10:[m[K [01;31m[Kfatal error: [m[Kmujoco/mujoco.h: No such file or directory
   24 | #include [01;31m[K<mujoco/mujoco.h>[m[K                                                                          // Dynamic simulation library
      |          [01;31m[K^~~~~~~~~~~~~~~~~[m[K
compilation terminated.
In file included from [01m[K/home/ali/Robotics_project/src/mujoco_ros2/src/mujoco_ros.cpp:19[m[K:
[01m[K/home/ali/Robotics_project/src/mujoco_ros2/include/mujoco_ros2/mujoco_ros.hpp:24:10:[m[K [01;31m[Kfatal error: [m[Kmujoco/mujoco.h: No such file or directory
   24 | #include [01;31m[K<mujoco/mujoco.h>[m[K                                                                          // Dynamic simulation library
      |          [01;31m[K^~~~~~~~~~~~~~~~~[m[K
compilation terminated.
gmake[2]: *** [CMakeFiles/mujoco_node.dir/build.make:76: CMakeFiles/mujoco_node.dir/src/nodes/mujoco_node.cpp.o] Error 1
gmake[2]: *** Waiting for unfinished jobs....
gmake[2]: *** [CMakeFiles/mujoco_node.dir/build.make:90: CMakeFiles/mujoco_node.dir/src/mujoco_ros.cpp.o] Error 1
gmake[1]: *** [CMakeFiles/Makefile2:137: CMakeFiles/mujoco_node.dir/all] Error 2
gmake: *** [Makefile:146: all] Error 2
