[0.008s] Invoking command in '/home/ali/Robotics_project/build/mujoco_ros2': CMAKE_PREFIX_PATH=/opt/ros/humble /usr/bin/cmake /home/ali/Robotics_project/src/mujoco_ros2 -DMUJOCO_ROOT_DIR=/home/ali/mujoco-3.2.0 -DCMAKE_INSTALL_PREFIX=/home/ali/Robotics_project/install/mujoco_ros2
[0.067s] -- The C compiler identification is GNU 11.4.0
[0.137s] -- The CXX compiler identification is GNU 11.4.0
[0.148s] -- Detecting C compiler ABI info
[0.236s] -- Detecting C compiler ABI info - done
[0.247s] -- Check for working C compiler: /usr/bin/cc - skipped
[0.248s] -- Detecting C compile features
[0.248s] -- Detecting C compile features - done
[0.253s] -- Detecting CXX compiler ABI info
[0.357s] -- Detecting CXX compiler ABI info - done
[0.367s] -- Check for working CXX compiler: /usr/bin/c++ - skipped
[0.367s] -- Detecting CXX compile features
[0.368s] -- Detecting CXX compile features - done
[0.370s] -- Found ament_cmake: 1.3.12 (/opt/ros/humble/share/ament_cmake/cmake)
[0.555s] -- Found Python3: /usr/bin/python3 (found version "3.10.12") found components: Interpreter 
[0.643s] -- Found rclcpp: 16.0.15 (/opt/ros/humble/share/rclcpp/cmake)
[0.682s] -- Found rosidl_generator_c: 3.1.7 (/opt/ros/humble/share/rosidl_generator_c/cmake)
[0.685s] -- Found rosidl_adapter: 3.1.7 (/opt/ros/humble/share/rosidl_adapter/cmake)
[0.691s] -- Found rosidl_generator_cpp: 3.1.7 (/opt/ros/humble/share/rosidl_generator_cpp/cmake)
[0.698s] -- Using all available rosidl_typesupport_c: rosidl_typesupport_fastrtps_c;rosidl_typesupport_introspection_c
[0.706s] -- Using all available rosidl_typesupport_cpp: rosidl_typesupport_fastrtps_cpp;rosidl_typesupport_introspection_cpp
[0.728s] -- Found rmw_implementation_cmake: 6.1.2 (/opt/ros/humble/share/rmw_implementation_cmake/cmake)
[0.730s] -- Found rmw_fastrtps_cpp: 6.2.8 (/opt/ros/humble/share/rmw_fastrtps_cpp/cmake)
[0.801s] -- Found OpenSSL: /usr/lib/x86_64-linux-gnu/libcrypto.so (found version "3.0.2")  
[0.836s] -- Found FastRTPS: /opt/ros/humble/include  
[0.884s] -- Using RMW implementation 'rmw_fastrtps_cpp' as default
[0.893s] -- Looking for pthread.h
[0.987s] -- Looking for pthread.h - found
[0.988s] -- Performing Test CMAKE_HAVE_LIBC_PTHREAD
[1.091s] -- Performing Test CMAKE_HAVE_LIBC_PTHREAD - Success
[1.093s] -- Found Threads: TRUE  
[1.155s] -- Found sensor_msgs: 4.9.0 (/opt/ros/humble/share/sensor_msgs/cmake)
[1.241s] -- Configuring done
[1.248s] -- Generating done
[1.249s] [33mCMake Warning:
[1.249s]   Manually-specified variables were not used by the project:
[1.249s] 
[1.249s]     MUJOCO_ROOT_DIR
[1.249s] 
[1.249s] [0m
[1.250s] -- Build files have been written to: /home/ali/Robotics_project/build/mujoco_ros2
[1.258s] Invoked command in '/home/ali/Robotics_project/build/mujoco_ros2' returned '0': CMAKE_PREFIX_PATH=/opt/ros/humble /usr/bin/cmake /home/ali/Robotics_project/src/mujoco_ros2 -DMUJOCO_ROOT_DIR=/home/ali/mujoco-3.2.0 -DCMAKE_INSTALL_PREFIX=/home/ali/Robotics_project/install/mujoco_ros2
[1.260s] Invoking command in '/home/ali/Robotics_project/build/mujoco_ros2': CMAKE_PREFIX_PATH=/opt/ros/humble /usr/bin/cmake --build /home/ali/Robotics_project/build/mujoco_ros2 -- -j12 -l12
[1.323s] [ 33%] [32mBuilding CXX object CMakeFiles/mujoco_node.dir/src/nodes/mujoco_node.cpp.o[0m
[1.324s] [ 66%] [32mBuilding CXX object CMakeFiles/mujoco_node.dir/src/mujoco_ros.cpp.o[0m
[1.407s] In file included from [01m[K/home/ali/Robotics_project/src/mujoco_ros2/src/nodes/mujoco_node.cpp:19[m[K:
[1.407s] [01m[K/home/ali/Robotics_project/src/mujoco_ros2/include/mujoco_ros2/mujoco_ros.hpp:24:10:[m[K [01;31m[Kfatal error: [m[Kmujoco/mujoco.h: No such file or directory
[1.407s]    24 | #include [01;31m[K<mujoco/mujoco.h>[m[K                                                                          // Dynamic simulation library
[1.407s]       |          [01;31m[K^~~~~~~~~~~~~~~~~[m[K
[1.407s] compilation terminated.
[1.407s] In file included from [01m[K/home/ali/Robotics_project/src/mujoco_ros2/src/mujoco_ros.cpp:19[m[K:
[1.407s] [01m[K/home/ali/Robotics_project/src/mujoco_ros2/include/mujoco_ros2/mujoco_ros.hpp:24:10:[m[K [01;31m[Kfatal error: [m[Kmujoco/mujoco.h: No such file or directory
[1.407s]    24 | #include [01;31m[K<mujoco/mujoco.h>[m[K                                                                          // Dynamic simulation library
[1.407s]       |          [01;31m[K^~~~~~~~~~~~~~~~~[m[K
[1.407s] compilation terminated.
[1.411s] gmake[2]: *** [CMakeFiles/mujoco_node.dir/build.make:76: CMakeFiles/mujoco_node.dir/src/nodes/mujoco_node.cpp.o] Error 1
[1.412s] gmake[2]: *** Waiting for unfinished jobs....
[1.412s] gmake[2]: *** [CMakeFiles/mujoco_node.dir/build.make:90: CMakeFiles/mujoco_node.dir/src/mujoco_ros.cpp.o] Error 1
[1.412s] gmake[1]: *** [CMakeFiles/Makefile2:137: CMakeFiles/mujoco_node.dir/all] Error 2
[1.412s] gmake: *** [Makefile:146: all] Error 2
[1.414s] Invoked command in '/home/ali/Robotics_project/build/mujoco_ros2' returned '2': CMAKE_PREFIX_PATH=/opt/ros/humble /usr/bin/cmake --build /home/ali/Robotics_project/build/mujoco_ros2 -- -j12 -l12
